2019-12-05  13:35:05-main[ mainid]  INFO  pages.OrderConfirmation:27 - Order is placed successfully
			2019-12-05  13:35:05-main[ mainid]  INFO  pages.OrderConfirmation:27 - Order is placed successfully
			2019-12-05  13:39:27-main[ mainid]  INFO  pages.OrderConfirmation:58 - Name changed successfully
			2019-12-05  13:41:52-main[ mainid]  INFO  pages.OrderConfirmation:58 - Name changed successfully
			05-12-2019  15:36:32-main[ mainid]  INFO  pages.OrderConfirmation:57 - Name changed successfully
			05-12-2019  15:38:22-main[ mainid]  INFO  pages.OrderConfirmation:27 - Order is placed successfully
			05-12-2019  15:38:22-main[ mainid]  INFO  pages.OrderConfirmation:27 - Order is placed successfully
			05-12-2019  16:44:40-main[ mainid]  INFO  pages.OrderConfirmation:52 - Name changed successfully
			05-12-2019  16:53:35-main[ mainid]  INFO  pages.OrderConfirmation:52 - Name changed successfully
			05-12-2019  17:15:23-main[ mainid]  INFO  pages.OrderConfirmation:58 - Name changed successfully
			05-12-2019  17:48:39-main[ mainid]  INFO  pages.OrderConfirmation:27 - Order is placed successfully
			05-12-2019  17:48:39-main[ mainid]  INFO  pages.OrderConfirmation:27 - Order is placed successfully
			05-12-2019  17:49:40-main[ mainid]  INFO  pages.OrderConfirmation:59 - Name changed successfully
			05-12-2019  18:18:01-main[ mainid]  INFO  pages.OrderConfirmation:59 - Name changed successfully
			11-12-2019  19:32:05-main[ mainid]  INFO  pages.OrderConfirmation:59 - Name changed successfully
			11-12-2019  19:34:36-main[ mainid]  INFO  pages.OrderConfirmation:27 - Order is placed successfully
			11-12-2019  19:34:36-main[ mainid]  INFO  pages.OrderConfirmation:27 - Order is placed successfully
			11-12-2019  19:47:29-main[ mainid]  INFO  pages.OrderConfirmation:68 - Name changed successfully
			11-12-2019  19:49:31-main[ mainid]  INFO  pages.OrderConfirmation:68 - Name changed successfully
			11-12-2019  19:52:47-main[ mainid]  INFO  pages.OrderConfirmation:69 - Name changed successfully
			11-12-2019  19:54:18-main[ mainid]  INFO  pages.OrderConfirmation:69 - Name changed successfully
			11-12-2019  20:00:04-main[ mainid]  INFO  pages.OrderConfirmation:69 - Name changed successfully
			11-12-2019  20:01:59-main[ mainid]  INFO  pages.OrderConfirmation:61 - Name changed successfully
			11-12-2019  20:21:27-main[ mainid]  INFO  pages.OrderConfirmation:30 - Order is placed successfully
			11-12-2019  20:21:27-main[ mainid]  INFO  pages.OrderConfirmation:30 - Order is placed successfully
			11-12-2019  20:23:15-main[ mainid]  INFO  pages.OrderConfirmation:30 - Order is placed successfully
			